This is pdfTeX, Version 3.141592653-2.6-1.40.25 (MiKTeX 23.5) (preloaded format=pdflatex 2023.6.7)  9 JUN 2023 11:42
entering extended mode
 restricted \write18 enabled.
 file:line:error style messages enabled.
 %&-line parsing enabled.
**"c:/FER/git_repo_FER/FER/Zavr≈°ni rad/dokumentacija/zavrsni.tex"
(c:/FER/git_repo_FER/FER/Zavr≈°ni rad/dokumentacija/zavrsni.tex
LaTeX2e <2022-11-01> patch level 1
L3 programming layer <2023-05-15> (fer.cls
Document Class: fer 
(C:\Users\Ilan Vezmarovic\AppData\Local\Programs\MiKTeX\tex/latex/base\report.cls
Document Class: report 2022/07/02 v1.4n Standard LaTeX document class
(C:\Users\Ilan Vezmarovic\AppData\Local\Programs\MiKTeX\tex/latex/base\size12.clo
File: size12.clo 2022/07/02 v1.4n Standard LaTeX file (size option)
)
\c@part=\count185
\c@chapter=\count186
\c@section=\count187
\c@subsection=\count188
\c@subsubsection=\count189
\c@paragraph=\count190
\c@subparagraph=\count191
\c@figure=\count192
\c@table=\count193
\abovecaptionskip=\skip48
\belowcaptionskip=\skip49
\bibindent=\dimen140
) (C:\Users\Ilan Vezmarovic\AppData\Local\Programs\MiKTeX\tex/latex/geometry\geometry.sty
Package: geometry 2020/01/02 v5.9 Page Geometry
 (C:\Users\Ilan Vezmarovic\AppData\Local\Programs\MiKTeX\tex/latex/graphics\keyval.sty
Package: keyval 2022/05/29 v1.15 key=value parser (DPC)
\KV@toks@=\toks16
) (C:\Users\Ilan Vezmarovic\AppData\Local\Programs\MiKTeX\tex/generic/iftex\ifvtex.sty
Package: ifvtex 2019/10/25 v1.7 ifvtex legacy package. Use iftex instead.
 (C:\Users\Ilan Vezmarovic\AppData\Local\Programs\MiKTeX\tex/generic/iftex\iftex.sty
Package: iftex 2022/02/03 v1.0f TeX engine tests
))
\Gm@cnth=\count194
\Gm@cntv=\count195
\c@Gm@tempcnt=\count196
\Gm@bindingoffset=\dimen141
\Gm@wd@mp=\dimen142
\Gm@odd@mp=\dimen143
\Gm@even@mp=\dimen144
\Gm@layoutwidth=\dimen145
\Gm@layoutheight=\dimen146
\Gm@layouthoffset=\dimen147
\Gm@layoutvoffset=\dimen148
\Gm@dimlist=\toks17
 (C:\Users\Ilan Vezmarovic\AppData\Local\Programs\MiKTeX\tex/latex/geometry\geometry.cfg)) (C:\Users\Ilan Vezmarovic\AppData\Local\Programs\MiKTeX\tex/latex/base\inputenc.sty
Package: inputenc 2021/02/14 v1.3d Input encoding file
\inpenc@prehook=\toks18
\inpenc@posthook=\toks19
) (C:\Users\Ilan Vezmarovic\AppData\Local\Programs\MiKTeX\tex/generic/babel\babel.sty
Package: babel 2023/05/11 v3.89 The Babel package
\babel@savecnt=\count197
\U@D=\dimen149
\l@unhyphenated=\language79
 (C:\Users\Ilan Vezmarovic\AppData\Local\Programs\MiKTeX\tex/generic/babel\txtbabel.def)
\bbl@readstream=\read2
\bbl@dirlevel=\count198

*************************************
* Local config file bblopts.cfg used
*
(C:\Users\Ilan Vezmarovic\AppData\Local\Programs\MiKTeX\tex/latex/arabi\bblopts.cfg
File: bblopts.cfg 2005/09/08 v0.1 add Arabic and Farsi to "declared" options of babel
) (C:\Users\Ilan Vezmarovic\AppData\Local\Programs\MiKTeX\tex/latex/babel-croatian\croatian.ldf
Language: croatian 2014/03/31 v1.3m Croatian support from the babel system
)) (C:\Users\Ilan Vezmarovic\AppData\Local\Programs\MiKTeX\tex/generic/babel/locale/hr\babel-croatian.tex
Package babel Info: Importing font and identification data for croatian
(babel)             from babel-hr.ini. Reported on input line 11.
) (C:\Users\Ilan Vezmarovic\AppData\Local\Programs\MiKTeX\tex/latex/base\fontenc.sty
Package: fontenc 2021/04/29 v2.0v Standard LaTeX package
) (C:\Users\Ilan Vezmarovic\AppData\Local\Programs\MiKTeX\tex/latex/graphics\graphicx.sty
Package: graphicx 2021/09/16 v1.2d Enhanced LaTeX Graphics (DPC,SPQR)
 (C:\Users\Ilan Vezmarovic\AppData\Local\Programs\MiKTeX\tex/latex/graphics\graphics.sty
Package: graphics 2022/03/10 v1.4e Standard LaTeX Graphics (DPC,SPQR)
 (C:\Users\Ilan Vezmarovic\AppData\Local\Programs\MiKTeX\tex/latex/graphics\trig.sty
Package: trig 2021/08/11 v1.11 sin cos tan (DPC)
) (C:\Users\Ilan Vezmarovic\AppData\Local\Programs\MiKTeX\tex/latex/graphics-cfg\graphics.cfg
File: graphics.cfg 2016/06/04 v1.11 sample graphics configuration
)
Package graphics Info: Driver file: pdftex.def on input line 107.
 (C:\Users\Ilan Vezmarovic\AppData\Local\Programs\MiKTeX\tex/latex/graphics-def\pdftex.def
File: pdftex.def 2022/09/22 v1.2b Graphics/color driver for pdftex
))
\Gin@req@height=\dimen150
\Gin@req@width=\dimen151
) (C:\Users\Ilan Vezmarovic\AppData\Local\Programs\MiKTeX\tex/latex/amsfonts\amssymb.sty
Package: amssymb 2013/01/14 v3.01 AMS font symbols
 (C:\Users\Ilan Vezmarovic\AppData\Local\Programs\MiKTeX\tex/latex/amsfonts\amsfonts.sty
Package: amsfonts 2013/01/14 v3.01 Basic AMSFonts support
\@emptytoks=\toks20
\symAMSa=\mathgroup4
\symAMSb=\mathgroup5
LaTeX Font Info:    Redeclaring math symbol \hbar on input line 98.
LaTeX Font Info:    Overwriting math alphabet `\mathfrak' in version `bold'
(Font)                  U/euf/m/n --> U/euf/b/n on input line 106.
)) (C:\Users\Ilan Vezmarovic\AppData\Local\Programs\MiKTeX\tex/latex/amsmath\amsmath.sty
Package: amsmath 2022/04/08 v2.17n AMS math features
\@mathmargin=\skip50

For additional information on amsmath, use the `?' option.
(C:\Users\Ilan Vezmarovic\AppData\Local\Programs\MiKTeX\tex/latex/amsmath\amstext.sty
Package: amstext 2021/08/26 v2.01 AMS text
 (C:\Users\Ilan Vezmarovic\AppData\Local\Programs\MiKTeX\tex/latex/amsmath\amsgen.sty
File: amsgen.sty 1999/11/30 v2.0 generic functions
\@emptytoks=\toks21
\ex@=\dimen152
)) (C:\Users\Ilan Vezmarovic\AppData\Local\Programs\MiKTeX\tex/latex/amsmath\amsbsy.sty
Package: amsbsy 1999/11/29 v1.2d Bold Symbols
\pmbraise@=\dimen153
) (C:\Users\Ilan Vezmarovic\AppData\Local\Programs\MiKTeX\tex/latex/amsmath\amsopn.sty
Package: amsopn 2022/04/08 v2.04 operator names
)
\inf@bad=\count199
LaTeX Info: Redefining \frac on input line 234.
\uproot@=\count266
\leftroot@=\count267
LaTeX Info: Redefining \overline on input line 399.
LaTeX Info: Redefining \colon on input line 410.
\classnum@=\count268
\DOTSCASE@=\count269
LaTeX Info: Redefining \ldots on input line 496.
LaTeX Info: Redefining \dots on input line 499.
LaTeX Info: Redefining \cdots on input line 620.
\Mathstrutbox@=\box51
\strutbox@=\box52
LaTeX Info: Redefining \big on input line 722.
LaTeX Info: Redefining \Big on input line 723.
LaTeX Info: Redefining \bigg on input line 724.
LaTeX Info: Redefining \Bigg on input line 725.
\big@size=\dimen154
LaTeX Font Info:    Redeclaring font encoding OML on input line 743.
LaTeX Font Info:    Redeclaring font encoding OMS on input line 744.
\macc@depth=\count270
LaTeX Info: Redefining \bmod on input line 905.
LaTeX Info: Redefining \pmod on input line 910.
LaTeX Info: Redefining \smash on input line 940.
LaTeX Info: Redefining \relbar on input line 970.
LaTeX Info: Redefining \Relbar on input line 971.
\c@MaxMatrixCols=\count271
\dotsspace@=\muskip16
\c@parentequation=\count272
\dspbrk@lvl=\count273
\tag@help=\toks22
\row@=\count274
\column@=\count275
\maxfields@=\count276
\andhelp@=\toks23
\eqnshift@=\dimen155
\alignsep@=\dimen156
\tagshift@=\dimen157
\tagwidth@=\dimen158
\totwidth@=\dimen159
\lineht@=\dimen160
\@envbody=\toks24
\multlinegap=\skip51
\multlinetaggap=\skip52
\mathdisplay@stack=\toks25
LaTeX Info: Redefining \[ on input line 2953.
LaTeX Info: Redefining \] on input line 2954.
) (C:\Users\Ilan Vezmarovic\AppData\Local\Programs\MiKTeX\tex/latex/base\fixltx2e.sty
Package: fixltx2e 2016/12/29 v2.1a fixes to LaTeX (obsolete)
Applying: [2015/01/01] Old fixltx2e package on input line 46.


Package fixltx2e Warning: fixltx2e is not required with releases after 2015
(fixltx2e)                All fixes are now in the LaTeX kernel.
(fixltx2e)                See the latexrelease package for details.

Already applied: [0000/00/00] Old fixltx2e package on input line 53.
) (C:\Users\Ilan Vezmarovic\AppData\Local\Programs\MiKTeX\tex/latex/caption\caption.sty
Package: caption 2023/03/12 v3.6j Customizing captions (AR)
 (C:\Users\Ilan Vezmarovic\AppData\Local\Programs\MiKTeX\tex/latex/caption\caption3.sty
Package: caption3 2023/03/12 v2.4 caption3 kernel (AR)
\caption@tempdima=\dimen161
\captionmargin=\dimen162
\caption@leftmargin=\dimen163
\caption@rightmargin=\dimen164
\caption@width=\dimen165
\caption@indent=\dimen166
\caption@parindent=\dimen167
\caption@hangindent=\dimen168
Package caption Info: Standard document class detected.
)
\c@caption@flags=\count277
\c@continuedfloat=\count278
) (C:\Users\Ilan Vezmarovic\AppData\Local\Programs\MiKTeX\tex/latex/base\ifthen.sty
Package: ifthen 2022/04/13 v1.1d Standard LaTeX ifthen package (DPC)
) (C:\Users\Ilan Vezmarovic\AppData\Local\Programs\MiKTeX\tex/latex/url\url.sty
\Urlmuskip=\muskip17
Package: url 2013/09/16  ver 3.4  Verb mode for urls, etc.
) (C:\Users\Ilan Vezmarovic\AppData\Local\Programs\MiKTeX\tex/latex/enumitem\enumitem.sty
Package: enumitem 2019/06/20 v3.9 Customized lists
\labelindent=\skip53
\enit@outerparindent=\dimen169
\enit@toks=\toks26
\enit@inbox=\box53
\enit@count@id=\count279
\enitdp@description=\count280
) (C:\Users\Ilan Vezmarovic\AppData\Local\Programs\MiKTeX\tex/latex/tocbibind\tocbibind.sty
Package: tocbibind 2010/10/13 v1.5k extra ToC listings
Package tocbibind Info: The document has chapter divisions on input line 50.


Package tocbibind Note: Using chapter style headings, unless overridden.

) (C:\Users\Ilan Vezmarovic\AppData\Local\Programs\MiKTeX\tex/latex/psnfss\times.sty
Package: times 2020/03/25 PSNFSS-v9.3 (SPQR) 
) (C:\Users\Ilan Vezmarovic\AppData\Local\Programs\MiKTeX\tex/latex/natbib\natbib.sty
Package: natbib 2010/09/13 8.31b (PWD, AO)
\bibhang=\skip54
\bibsep=\skip55
LaTeX Info: Redefining \cite on input line 694.
\c@NAT@ctr=\count281
)
\listindentation=\dimen170
) (C:\Users\Ilan Vezmarovic\AppData\Local\Programs\MiKTeX\tex/latex/booktabs\booktabs.sty
Package: booktabs 2020/01/12 v1.61803398 Publication quality tables
\heavyrulewidth=\dimen171
\lightrulewidth=\dimen172
\cmidrulewidth=\dimen173
\belowrulesep=\dimen174
\belowbottomsep=\dimen175
\aboverulesep=\dimen176
\abovetopsep=\dimen177
\cmidrulesep=\dimen178
\cmidrulekern=\dimen179
\defaultaddspace=\dimen180
\@cmidla=\count282
\@cmidlb=\count283
\@aboverulesep=\dimen181
\@belowrulesep=\dimen182
\@thisruleclass=\count284
\@lastruleclass=\count285
\@thisrulewidth=\dimen183
) (C:\Users\Ilan Vezmarovic\AppData\Local\Programs\MiKTeX\tex/latex/pdflscape\pdflscape.sty
Package: pdflscape 2022-10-27 v0.13 Display of landscape pages in PDF
 (C:\Users\Ilan Vezmarovic\AppData\Local\Programs\MiKTeX\tex/latex/pdflscape\pdflscape-nometadata.sty
Package: pdflscape-nometadata 2022-10-28 v0.13 Display of landscape pages in PDF (HO)
 (C:\Users\Ilan Vezmarovic\AppData\Local\Programs\MiKTeX\tex/latex/graphics\lscape.sty
Package: lscape 2020/05/28 v3.02 Landscape Pages (DPC)
)
Package pdflscape Info: Auto-detected driver: pdftex on input line 81.
)) (C:\Users\Ilan Vezmarovic\AppData\Local\Programs\MiKTeX\tex/latex/ulem\ulem.sty
\UL@box=\box54
\UL@hyphenbox=\box55
\UL@skip=\skip56
\UL@hook=\toks27
\UL@height=\dimen184
\UL@pe=\count286
\UL@pixel=\dimen185
\ULC@box=\box56
Package: ulem 2019/11/18
\ULdepth=\dimen186
) (C:\Users\Ilan Vezmarovic\AppData\Local\Programs\MiKTeX\tex/latex/listings\listings.sty
\lst@mode=\count287
\lst@gtempboxa=\box57
\lst@token=\toks28
\lst@length=\count288
\lst@currlwidth=\dimen187
\lst@column=\count289
\lst@pos=\count290
\lst@lostspace=\dimen188
\lst@width=\dimen189
\lst@newlines=\count291
\lst@lineno=\count292
\lst@maxwidth=\dimen190
 (C:\Users\Ilan Vezmarovic\AppData\Local\Programs\MiKTeX\tex/latex/listings\lstmisc.sty
File: lstmisc.sty 2023/02/27 1.9 (Carsten Heinz)
\c@lstnumber=\count293
\lst@skipnumbers=\count294
\lst@framebox=\box58
) (C:\Users\Ilan Vezmarovic\AppData\Local\Programs\MiKTeX\tex/latex/listings\listings.cfg
File: listings.cfg 2023/02/27 1.9 listings configuration
))
Package: listings 2023/02/27 1.9 (Carsten Heinz)
 (C:\Users\Ilan Vezmarovic\AppData\Local\Programs\MiKTeX\tex/latex/listings\lstlang1.sty
File: lstlang1.sty 2023/02/27 1.9 listings language file
)
LaTeX Font Info:    Trying to load font information for T1+ptm on input line 20.
 (C:\Users\Ilan Vezmarovic\AppData\Local\Programs\MiKTeX\tex/latex/psnfss\t1ptm.fd
File: t1ptm.fd 2001/06/04 font definitions for T1/ptm.
) (C:\Users\Ilan Vezmarovic\AppData\Local\Programs\MiKTeX\tex/latex/l3backend\l3backend-pdftex.def
File: l3backend-pdftex.def 2023-04-19 L3 backend support: PDF output (pdfTeX)
\l__color_backend_stack_int=\count295
\l__pdf_internal_box=\box59
) (zavrsni.aux)
\openout1 = `zavrsni.aux'.

LaTeX Font Info:    Checking defaults for OML/cmm/m/it on input line 20.
LaTeX Font Info:    ... okay on input line 20.
LaTeX Font Info:    Checking defaults for OMS/cmsy/m/n on input line 20.
LaTeX Font Info:    ... okay on input line 20.
LaTeX Font Info:    Checking defaults for OT1/cmr/m/n on input line 20.
LaTeX Font Info:    ... okay on input line 20.
LaTeX Font Info:    Checking defaults for T1/cmr/m/n on input line 20.
LaTeX Font Info:    ... okay on input line 20.
LaTeX Font Info:    Checking defaults for TS1/cmr/m/n on input line 20.
LaTeX Font Info:    ... okay on input line 20.
LaTeX Font Info:    Checking defaults for OMX/cmex/m/n on input line 20.
LaTeX Font Info:    ... okay on input line 20.
LaTeX Font Info:    Checking defaults for U/cmr/m/n on input line 20.
LaTeX Font Info:    ... okay on input line 20.

*geometry* driver: auto-detecting
*geometry* detected driver: pdftex
*geometry* verbose mode - [ preamble ] result:
* driver: pdftex
* paper: a4paper
* layout: <same size as paper>
* layoutoffset:(h,v)=(0.0pt,0.0pt)
* modes: 
* h-part:(L,W,R)=(99.58464pt, 412.56497pt, 85.35826pt)
* v-part:(T,H,B)=(85.35826pt, 674.33032pt, 85.35826pt)
* \paperwidth=597.50787pt
* \paperheight=845.04684pt
* \textwidth=412.56497pt
* \textheight=674.33032pt
* \oddsidemargin=27.31465pt
* \evensidemargin=27.31465pt
* \topmargin=-23.91173pt
* \headheight=12.0pt
* \headsep=25.0pt
* \topskip=12.0pt
* \footskip=30.0pt
* \marginparwidth=44.0pt
* \marginparsep=10.0pt
* \columnsep=10.0pt
* \skip\footins=10.8pt plus 4.0pt minus 2.0pt
* \hoffset=0.0pt
* \voffset=0.0pt
* \mag=1000
* \@twocolumnfalse
* \@twosidefalse
* \@mparswitchfalse
* \@reversemarginfalse
* (1in=72.27pt=25.4mm, 1cm=28.453pt)

(C:\Users\Ilan Vezmarovic\AppData\Local\Programs\MiKTeX\tex/context/base/mkii\supp-pdf.mkii
[Loading MPS to PDF converter (version 2006.09.02).]
\scratchcounter=\count296
\scratchdimen=\dimen191
\scratchbox=\box60
\nofMPsegments=\count297
\nofMParguments=\count298
\everyMPshowfont=\toks29
\MPscratchCnt=\count299
\MPscratchDim=\dimen192
\MPnumerator=\count300
\makeMPintoPDFobject=\count301
\everyMPtoPDFconversion=\toks30
) (C:\Users\Ilan Vezmarovic\AppData\Local\Programs\MiKTeX\tex/latex/epstopdf-pkg\epstopdf-base.sty
Package: epstopdf-base 2020-01-24 v2.11 Base part for package epstopdf
Package epstopdf-base Info: Redefining graphics rule for `.eps' on input line 485.
 (C:\Users\Ilan Vezmarovic\AppData\Local\Programs\MiKTeX\tex/latex/00miktex\epstopdf-sys.cfg
File: epstopdf-sys.cfg 2021/03/18 v2.0 Configuration of epstopdf for MiKTeX
))
Package caption Info: Begin \AtBeginDocument code.
Package caption Info: listings package is loaded.
Package caption Info: End \AtBeginDocument code.
\c@lstlisting=\count302
LaTeX Font Info:    Trying to load font information for T1+phv on input line 31.
 (C:\Users\Ilan Vezmarovic\AppData\Local\Programs\MiKTeX\tex/latex/psnfss\t1phv.fd
File: t1phv.fd 2020/03/25 scalable font definitions for T1/phv.
)
LaTeX Font Info:    Trying to load font information for U+msa on input line 31.
 (C:\Users\Ilan Vezmarovic\AppData\Local\Programs\MiKTeX\tex/latex/amsfonts\umsa.fd
File: umsa.fd 2013/01/14 v3.01 AMS symbols A
)
LaTeX Font Info:    Trying to load font information for U+msb on input line 31.
 (C:\Users\Ilan Vezmarovic\AppData\Local\Programs\MiKTeX\tex/latex/amsfonts\umsb.fd
File: umsb.fd 2013/01/14 v3.01 AMS symbols B
) [1

{C:/Users/Ilan Vezmarovic/AppData/Local/MiKTeX/fonts/map/pdftex/pdftex.map}{C:/Users/Ilan Vezmarovic/AppData/Local/Programs/MiKTeX/fonts/enc/dvips/base/8r.enc}] [3] (zavrsni.toc [4

])
\tf@toc=\write3
\openout3 = `zavrsni.toc'.

 [5]
Poglavlje 1.
[1

]
Poglavlje 2.
<usecasefinal.drawio.png, id=21, 829.0975pt x 762.85pt>
File: usecasefinal.drawio.png Graphic file (type png)
<use usecasefinal.drawio.png>
Package pdftex.def Info: usecasefinal.drawio.png  used on input line 100.
(pdftex.def)             Requested size: 540.61488pt x 497.41805pt.

Overfull \hbox (59.19806pt too wide) in paragraph at lines 99--102
 []|  [] 
 []

[2

] [3 <./usecasefinal.drawio.png>] [4

] [5] [6] [7] [8] [9]
Poglavlje 3.
[10

] [11

]
<ER model.png, id=58, 1209.51875pt x 719.68875pt>
File: ER model.png Graphic file (type png)
<use ER model.png>
Package pdftex.def Info: ER model.png  used on input line 333.
(pdftex.def)             Requested size: 540.60573pt x 321.67162pt.

Overfull \hbox (56.90887pt too wide) in paragraph at lines 333--335
 []| [] 
 []


Overfull \hbox (4.55923pt too wide) in paragraph at lines 350--352
[]\T1/ptm/b/n/12 NATJECANJE \T1/ptm/m/n/12 - $[]$, na-ziv-na-tje-ca-nje, vr-sta-na-tje-ca-nje, da-tu-mod, da-tumdo, 
 []

[12

 <./ER model.png>] [13]
Overfull \hbox (5.47256pt too wide) in paragraph at lines 441--446
\T1/ptm/m/n/12 Relacija 'Osoba' sa-dr∫i pri-marni klju£ koji jed-noz-na£no iden-ti-fi-cira svaku osobu.
 []

[14]
Overfull \hbox (3.35991pt too wide) in paragraph at lines 459--463
\T1/ptm/m/n/12 Relacija 'Na-tje-ca-nje' sa-dr∫i pri-marni klju£ 'id-na-tje-ca-nje' koji jed-noz-na£no iden-
 []

[15]
<Relacijski model.png, id=73, 744.7825pt x 959.585pt>
File: Relacijski model.png Graphic file (type png)
<use Relacijski model.png>
Package pdftex.def Info: Relacijski model.png  used on input line 510.
(pdftex.def)             Requested size: 441.6794pt x 569.06401pt.

Overfull \hbox (2.94171pt too wide) in paragraph at lines 509--512
 []|  [] 
 []

LaTeX Font Info:    Trying to load font information for T1+pcr on input line 519.
(C:\Users\Ilan Vezmarovic\AppData\Local\Programs\MiKTeX\tex/latex/psnfss\t1pcr.fd
File: t1pcr.fd 2001/06/04 font definitions for T1/pcr.
) [16] [17] [18] [19] [20 <./Relacijski model.png (PNG copy)>]
Poglavlje 4.
[21

] [22] [23]
<model.png, id=102, 384.83775pt x 370.38374pt>
File: model.png Graphic file (type png)
<use model.png>
Package pdftex.def Info: model.png  used on input line 702.
(pdftex.def)             Requested size: 284.54059pt x 273.8536pt.
<repository.png, id=103, 670.75594pt x 150.5625pt>
File: repository.png Graphic file (type png)
<use repository.png>
Package pdftex.def Info: repository.png  used on input line 716.
(pdftex.def)             Requested size: 426.78502pt x 95.79909pt.

Overfull \hbox (14.22005pt too wide) in paragraph at lines 716--718
 [][] 
 []


LaTeX Warning: `!h' float specifier changed to `!ht'.

[24 <./model.png>]
<controller.png, id=107, 654.94687pt x 506.6428pt>
File: controller.png Graphic file (type png)
<use controller.png>
Package pdftex.def Info: controller.png  used on input line 733.
(pdftex.def)             Requested size: 367.8171pt x 284.52977pt.
<vue.js-api.png, id=108, 421.575pt x 227.34938pt>
File: vue.js-api.png Graphic file (type png)
<use vue.js-api.png>
Package pdftex.def Info: vue.js-api.png  used on input line 744.
(pdftex.def)             Requested size: 284.53154pt x 153.44379pt.


LaTeX Warning: `!h' float specifier changed to `!ht'.

[25 <./repository.png> <./controller.png>]
<vue.js-component.png, id=114, 830.35219pt x 330.48468pt>
File: vue.js-component.png Graphic file (type png)
<use vue.js-component.png>
Package pdftex.def Info: vue.js-component.png  used on input line 757.
(pdftex.def)             Requested size: 426.7936pt x 169.86617pt.

Overfull \hbox (14.22862pt too wide) in paragraph at lines 757--759
 [][] 
 []

[26 <./vue.js-api.png> <./vue.js-component.png>]
Poglavlje 5.
<competition-add.png, id=120, 1073.51062pt x 669.2503pt>
File: competition-add.png Graphic file (type png)
<use competition-add.png>
Package pdftex.def Info: competition-add.png  used on input line 783.
(pdftex.def)             Requested size: 426.79214pt x 266.07169pt.

Overfull \hbox (14.22717pt too wide) in paragraph at lines 783--785
 [][] 
 []


LaTeX Warning: `!h' float specifier changed to `!ht'.

<competition-details.png, id=121, 714.41907pt x 456.20438pt>
File: competition-details.png Graphic file (type png)
<use competition-details.png>
Package pdftex.def Info: competition-details.png  used on input line 791.
(pdftex.def)             Requested size: 284.53073pt x 181.6919pt.

LaTeX Warning: `!h' float specifier changed to `!ht'.

<competition-form.png, id=122, 633.11531pt x 508.14844pt>
File: competition-form.png Graphic file (type png)
<use competition-form.png>
Package pdftex.def Info: competition-form.png  used on input line 802.
(pdftex.def)             Requested size: 283.59508pt x 227.61792pt.

LaTeX Warning: `!h' float specifier changed to `!ht'.

[27

]
<qualified-athletes.png, id=127, 834.11626pt x 600.74437pt>
File: qualified-athletes.png Graphic file (type png)
<use qualified-athletes.png>
Package pdftex.def Info: qualified-athletes.png  used on input line 814.
(pdftex.def)             Requested size: 395.06386pt x 284.53154pt.


LaTeX Warning: `!h' float specifier changed to `!ht'.

[28 <./competition-add.png> <./competition-details.png>]
<swimmers.png, id=133, 359.09157pt x 230.36063pt>
File: swimmers.png Graphic file (type png)
<use swimmers.png>
Package pdftex.def Info: swimmers.png  used on input line 826.
(pdftex.def)             Requested size: 227.6261pt x 146.02428pt.
 [29 <./competition-form.png> <./qualified-athletes.png>]
<swimmers-page.png, id=139, 529.98pt x 356.83313pt>
File: swimmers-page.png Graphic file (type png)
<use swimmers-page.png>
Package pdftex.def Info: swimmers-page.png  used on input line 834.
(pdftex.def)             Requested size: 341.43416pt x 229.88608pt.
<pool.png, id=140, 708.39656pt x 691.83469pt>
File: pool.png Graphic file (type png)
<use pool.png>
Package pdftex.def Info: pool.png  used on input line 845.
(pdftex.def)             Requested size: 341.44249pt x 333.45978pt.


LaTeX Warning: `!h' float specifier changed to `!ht'.

<world-records.png, id=141, 709.90219pt x 664.73344pt>
File: world-records.png Graphic file (type png)
<use world-records.png>
Package pdftex.def Info: world-records.png  used on input line 856.
(pdftex.def)             Requested size: 426.80034pt x 399.64444pt.

Overfull \hbox (14.23537pt too wide) in paragraph at lines 856--858
 [][] 
 []

[30 <./swimmers.png> <./swimmers-page.png>]

LaTeX Warning: `!h' float specifier changed to `!ht'.

[31 <./pool.png>] [32 <./world-records.png>]
Poglavlje 6.
[33

]
Underfull \hbox (badness 2005) in paragraph at lines 905--907
[]|   []   |   []   |   []   |   []   |   []   |   []   |   []\T1/ptm/m/n/12 .  URL $\T1/pcr/m/n/12 https : / / app .
 []


Underfull \hbox (badness 10000) in paragraph at lines 921--923
[]|   []   |   []   |   []\T1/ptm/m/n/12 .  URL $\T1/pcr/m/n/12 https : / / www . javatpoint . com /
 []


Underfull \hbox (badness 10000) in paragraph at lines 925--927
[]|   []   |   []   |   []   |   []   |   []\T1/ptm/m/n/12 .  URL $\T1/pcr/m/n/12 https : / / www .
 []


Underfull \hbox (badness 10000) in paragraph at lines 925--927
\T1/pcr/m/n/12 tutorialspoint . com / mvc _ framework / mvc _ framework _
 []

[34

] (zavrsni.lof)
\tf@lof=\write4
\openout4 = `zavrsni.lof'.

 [35

] [36] [37

] (zavrsni.aux) ) 
Here is how much of TeX's memory you used:
 9356 strings out of 476410
 150923 string characters out of 5784358
 2081845 words of memory out of 5000000
 29548 multiletter control sequences out of 15000+600000
 579109 words of font info for 108 fonts, out of 8000000 for 9000
 1141 hyphenation exceptions out of 8191
 72i,8n,77p,436b,1850s stack positions out of 10000i,1000n,20000p,200000b,200000s
<C:/Users/Ilan Vezmarovic/AppData/Local/Programs/MiKTeX/fonts/type1/public/amsfonts/cm/cmmi12.pfb><C:/Users/Ilan Vezmarovic/AppData/Local/Programs/MiKTeX/fonts/type1/public/amsfonts/cm/cmsy10.pfb><C:/Users/Ilan Vezmarovic/AppData/Local/Programs/MiKTeX/fonts/type1/urw/courier/ucrb8a.pfb><C:/Users/Ilan Vezmarovic/AppData/Local/Programs/MiKTeX/fonts/type1/urw/courier/ucrr8a.pfb><C:/Users/Ilan Vezmarovic/AppData/Local/Programs/MiKTeX/fonts/type1/urw/helvetic/uhvb8a.pfb><C:/Users/Ilan Vezmarovic/AppData/Local/Programs/MiKTeX/fonts/type1/urw/helvetic/uhvr8a.pfb><C:/Users/Ilan Vezmarovic/AppData/Local/Programs/MiKTeX/fonts/type1/urw/times/utmb8a.pfb><C:/Users/Ilan Vezmarovic/AppData/Local/Programs/MiKTeX/fonts/type1/urw/times/utmr8a.pfb><C:/Users/Ilan Vezmarovic/AppData/Local/Programs/MiKTeX/fonts/type1/urw/times/utmri8a.pfb>
Output written on zavrsni.pdf (41 pages, 2368761 bytes).
PDF statistics:
 212 PDF objects out of 1000 (max. 8388607)
 0 named destinations out of 1000 (max. 500000)
 81 words of extra memory for PDF output out of 10000 (max. 10000000)

